This is pdfTeX, Version 3.141592653-2.6-1.40.24 (MiKTeX 22.1) (preloaded format=pdflatex 2024.3.31)  31 MAR 2024 19:09
entering extended mode
 restricted \write18 enabled.
 %&-line parsing enabled.
**./main.tex
(main.tex
LaTeX2e <2023-11-01> patch level 1
L3 programming layer <2024-03-14>

(/Users/bhavikostwal/Library/Application Support/MiKTeX/texmfs/install/tex/late
x/base/article.cls
Document Class: article 2023/05/17 v1.4n Standard LaTeX document class

(/Users/bhavikostwal/Library/Application Support/MiKTeX/texmfs/install/tex/late
x/base/size12.clo
File: size12.clo 2023/05/17 v1.4n Standard LaTeX file (size option)
)
\c@part=\count188
\c@section=\count189
\c@subsection=\count190
\c@subsubsection=\count191
\c@paragraph=\count192
\c@subparagraph=\count193
\c@figure=\count194
\c@table=\count195
\abovecaptionskip=\skip48
\belowcaptionskip=\skip49
\bibindent=\dimen140
)
(/Users/bhavikostwal/Library/Application Support/MiKTeX/texmfs/install/tex/late
x/base/fontenc.sty
Package: fontenc 2021/04/29 v2.0v Standard LaTeX package
)
(/Users/bhavikostwal/Library/Application Support/MiKTeX/texmfs/install/tex/late
x/base/inputenc.sty
Package: inputenc 2021/02/14 v1.3d Input encoding file
\inpenc@prehook=\toks17
\inpenc@posthook=\toks18

(/Users/bhavikostwal/Library/Application Support/MiKTeX/texmfs/install/tex/late
x/base/latin1.def
File: latin1.def 2021/02/14 v1.3d Input encoding file
))
(/Users/bhavikostwal/Library/Application Support/MiKTeX/texmfs/install/tex/late
x/geometry/geometry.sty
Package: geometry 2020/01/02 v5.9 Page Geometry

(/Users/bhavikostwal/Library/Application Support/MiKTeX/texmfs/install/tex/late
x/graphics/keyval.sty
Package: keyval 2022/05/29 v1.15 key=value parser (DPC)
\KV@toks@=\toks19
)
(/Users/bhavikostwal/Library/Application Support/MiKTeX/texmfs/install/tex/gene
ric/iftex/ifvtex.sty
Package: ifvtex 2019/10/25 v1.7 ifvtex legacy package. Use iftex instead.

(/Users/bhavikostwal/Library/Application Support/MiKTeX/texmfs/install/tex/gene
ric/iftex/iftex.sty
Package: iftex 2022/02/03 v1.0f TeX engine tests
))
\Gm@cnth=\count196
\Gm@cntv=\count197
\c@Gm@tempcnt=\count198
\Gm@bindingoffset=\dimen141
\Gm@wd@mp=\dimen142
\Gm@odd@mp=\dimen143
\Gm@even@mp=\dimen144
\Gm@layoutwidth=\dimen145
\Gm@layoutheight=\dimen146
\Gm@layouthoffset=\dimen147
\Gm@layoutvoffset=\dimen148
\Gm@dimlist=\toks20

(/Users/bhavikostwal/Library/Application Support/MiKTeX/texmfs/install/tex/late
x/geometry/geometry.cfg))
(/Users/bhavikostwal/Library/Application Support/MiKTeX/texmfs/install/tex/gene
ric/babel/babel.sty
Package: babel 2024/02/07 v24.2 The Babel package
\babel@savecnt=\count199
\U@D=\dimen149
\l@unhyphenated=\language1

(/Users/bhavikostwal/Library/Application Support/MiKTeX/texmfs/install/tex/gene
ric/babel/txtbabel.def)
\bbl@readstream=\read2
\bbl@dirlevel=\count266

*************************************
* Local config file bblopts.cfg used
*

(/Users/bhavikostwal/Library/Application Support/MiKTeX/texmfs/install/tex/late
x/arabi/bblopts.cfg
File: bblopts.cfg 2005/09/08 v0.1 add Arabic and Farsi to "declared" options of
 babel
)
(/Users/bhavikostwal/Library/Application Support/MiKTeX/texmfs/install/tex/late
x/babel-english/english.ldf
Language: english 2017/06/06 v3.3r English support from the babel system
))
(/Users/bhavikostwal/Library/Application Support/MiKTeX/texmfs/install/tex/gene
ric/babel/locale/en/babel-english.tex
Package babel Info: Importing font and identification data for english
(babel)             from babel-en.ini. Reported on input line 11.
)
(/Users/bhavikostwal/Library/Application Support/MiKTeX/texmfs/install/tex/late
x/listings/listings.sty
\lst@mode=\count267
\lst@gtempboxa=\box51
\lst@token=\toks21
\lst@length=\count268
\lst@currlwidth=\dimen150
\lst@column=\count269
\lst@pos=\count270
\lst@lostspace=\dimen151
\lst@width=\dimen152
\lst@newlines=\count271
\lst@lineno=\count272
\lst@maxwidth=\dimen153

(/Users/bhavikostwal/Library/Application Support/MiKTeX/texmfs/install/tex/late
x/listings/lstpatch.sty
File: lstpatch.sty 2024/03/11 1.10a (Carsten Heinz)
)
(/Users/bhavikostwal/Library/Application Support/MiKTeX/texmfs/install/tex/late
x/listings/lstmisc.sty
File: lstmisc.sty 2024/03/11 1.10a (Carsten Heinz)
\c@lstnumber=\count273
\lst@skipnumbers=\count274
\lst@framebox=\box52
)
(/Users/bhavikostwal/Library/Application Support/MiKTeX/texmfs/install/tex/late
x/listings/listings.cfg
File: listings.cfg 2024/03/11 1.10a listings configuration
))
Package: listings 2024/03/11 1.10a (Carsten Heinz)

(/Users/bhavikostwal/Library/Application Support/MiKTeX/texmfs/install/tex/late
x/graphics/color.sty
Package: color 2022/01/06 v1.3d Standard LaTeX Color (DPC)

(/Users/bhavikostwal/Library/Application Support/MiKTeX/texmfs/install/tex/late
x/graphics-cfg/color.cfg
File: color.cfg 2016/01/02 v1.6 sample color configuration
)
Package color Info: Driver file: pdftex.def on input line 149.

(/Users/bhavikostwal/Library/Application Support/MiKTeX/texmfs/install/tex/late
x/graphics-def/pdftex.def
File: pdftex.def 2022/09/22 v1.2b Graphics/color driver for pdftex
)
(/Users/bhavikostwal/Library/Application Support/MiKTeX/texmfs/install/tex/late
x/graphics/mathcolor.ltx))
(/Users/bhavikostwal/Library/Application Support/MiKTeX/texmfs/install/tex/late
x/titlesec/titlesec.sty
Package: titlesec 2023/10/27 v2.16 Sectioning titles
\ttl@box=\box53
\beforetitleunit=\skip50
\aftertitleunit=\skip51
\ttl@plus=\dimen154
\ttl@minus=\dimen155
\ttl@toksa=\toks22
\titlewidth=\dimen156
\titlewidthlast=\dimen157
\titlewidthfirst=\dimen158
)
(/Users/bhavikostwal/Library/Application Support/MiKTeX/texmfs/install/tex/late
x/titling/titling.sty
Package: titling 2009/09/04 v2.1d maketitle typesetting
\thanksmarkwidth=\skip52
\thanksmargin=\skip53
\droptitle=\skip54
)
(/Users/bhavikostwal/Library/Application Support/MiKTeX/texmfs/install/tex/late
x/matlab-prettifier/matlab-prettifier.sty
Package: matlab-prettifier 2014/06/19 v0.3 A package for prettyprinting Matlab 
source code

(/Users/bhavikostwal/Library/Application Support/MiKTeX/texmfs/install/tex/late
x/base/textcomp.sty
Package: textcomp 2020/02/02 v2.0n Standard LaTeX package
)
(/Users/bhavikostwal/Library/Application Support/MiKTeX/texmfs/install/tex/late
x/xcolor/xcolor.sty
Package: xcolor 2023/11/15 v3.01 LaTeX color extensions (UK)

(/Users/bhavikostwal/Library/Application Support/MiKTeX/texmfs/install/tex/late
x/graphics-cfg/color.cfg
File: color.cfg 2016/01/02 v1.6 sample color configuration
)
Package xcolor Info: Driver file: pdftex.def on input line 274.
LaTeX Info: Redefining \color on input line 758.

(/Users/bhavikostwal/Library/Application Support/MiKTeX/texmfs/install/tex/late
x/graphics/mathcolor.ltx)
Package xcolor Info: Model `cmy' substituted by `cmy0' on input line 1350.
Package xcolor Info: Model `hsb' substituted by `rgb' on input line 1354.
Package xcolor Info: Model `RGB' extended on input line 1366.
Package xcolor Info: Model `HTML' substituted by `rgb' on input line 1368.
Package xcolor Info: Model `Hsb' substituted by `hsb' on input line 1369.
Package xcolor Info: Model `tHsb' substituted by `hsb' on input line 1370.
Package xcolor Info: Model `HSB' substituted by `hsb' on input line 1371.
Package xcolor Info: Model `Gray' substituted by `gray' on input line 1372.
Package xcolor Info: Model `wave' substituted by `hsb' on input line 1373.
)
\netBracketCount@mlpr=\count275
\blkLvl@mlpr=\count276
\blkLvlAtClassdef@mlpr=\count277
\emHeight@mlpr=\skip55
\jayDepth@mlpr=\skip56
\sectionRuleOffset@mlpr=\skip57
\toks@mlpr=\toks23
)
(/Users/bhavikostwal/Library/Application Support/MiKTeX/texmfs/install/tex/late
x/changepage/changepage.sty
Package: changepage 2009/10/20 v1.0c check page and change page layout
\c@cp@cntr=\count278
\cp@tempcnt=\count279
)
(/Users/bhavikostwal/Library/Application Support/MiKTeX/texmfs/install/tex/late
x/amsmath/amsmath.sty
Package: amsmath 2023/05/13 v2.17o AMS math features
\@mathmargin=\skip58

For additional information on amsmath, use the `?' option.

(/Users/bhavikostwal/Library/Application Support/MiKTeX/texmfs/install/tex/late
x/amsmath/amstext.sty
Package: amstext 2021/08/26 v2.01 AMS text

(/Users/bhavikostwal/Library/Application Support/MiKTeX/texmfs/install/tex/late
x/amsmath/amsgen.sty
File: amsgen.sty 1999/11/30 v2.0 generic functions
\@emptytoks=\toks24
\ex@=\dimen159
))
(/Users/bhavikostwal/Library/Application Support/MiKTeX/texmfs/install/tex/late
x/amsmath/amsbsy.sty
Package: amsbsy 1999/11/29 v1.2d Bold Symbols
\pmbraise@=\dimen160
)
(/Users/bhavikostwal/Library/Application Support/MiKTeX/texmfs/install/tex/late
x/amsmath/amsopn.sty
Package: amsopn 2022/04/08 v2.04 operator names
)
\inf@bad=\count280
LaTeX Info: Redefining \frac on input line 234.
\uproot@=\count281
\leftroot@=\count282
LaTeX Info: Redefining \overline on input line 399.
LaTeX Info: Redefining \colon on input line 410.
\classnum@=\count283
\DOTSCASE@=\count284
LaTeX Info: Redefining \ldots on input line 496.
LaTeX Info: Redefining \dots on input line 499.
LaTeX Info: Redefining \cdots on input line 620.
\Mathstrutbox@=\box54
\strutbox@=\box55
LaTeX Info: Redefining \big on input line 722.
LaTeX Info: Redefining \Big on input line 723.
LaTeX Info: Redefining \bigg on input line 724.
LaTeX Info: Redefining \Bigg on input line 725.
\big@size=\dimen161
LaTeX Font Info:    Redeclaring font encoding OML on input line 743.
LaTeX Font Info:    Redeclaring font encoding OMS on input line 744.
\macc@depth=\count285
LaTeX Info: Redefining \bmod on input line 905.
LaTeX Info: Redefining \pmod on input line 910.
LaTeX Info: Redefining \smash on input line 940.
LaTeX Info: Redefining \relbar on input line 970.
LaTeX Info: Redefining \Relbar on input line 971.
\c@MaxMatrixCols=\count286
\dotsspace@=\muskip16
\c@parentequation=\count287
\dspbrk@lvl=\count288
\tag@help=\toks25
\row@=\count289
\column@=\count290
\maxfields@=\count291
\andhelp@=\toks26
\eqnshift@=\dimen162
\alignsep@=\dimen163
\tagshift@=\dimen164
\tagwidth@=\dimen165
\totwidth@=\dimen166
\lineht@=\dimen167
\@envbody=\toks27
\multlinegap=\skip59
\multlinetaggap=\skip60
\mathdisplay@stack=\toks28
LaTeX Info: Redefining \[ on input line 2953.
LaTeX Info: Redefining \] on input line 2954.
)
(/Users/bhavikostwal/Library/Application Support/MiKTeX/texmfs/install/tex/late
x/hyperref/hyperref.sty
Package: hyperref 2024-01-20 v7.01h Hypertext links for LaTeX

(/Users/bhavikostwal/Library/Application Support/MiKTeX/texmfs/install/tex/late
x/kvsetkeys/kvsetkeys.sty
Package: kvsetkeys 2022-10-05 v1.19 Key value parser (HO)
)
(/Users/bhavikostwal/Library/Application Support/MiKTeX/texmfs/install/tex/gene
ric/kvdefinekeys/kvdefinekeys.sty
Package: kvdefinekeys 2019-12-19 v1.6 Define keys (HO)
)
(/Users/bhavikostwal/Library/Application Support/MiKTeX/texmfs/install/tex/gene
ric/pdfescape/pdfescape.sty
Package: pdfescape 2019/12/09 v1.15 Implements pdfTeX's escape features (HO)

(/Users/bhavikostwal/Library/Application Support/MiKTeX/texmfs/install/tex/gene
ric/ltxcmds/ltxcmds.sty
Package: ltxcmds 2023-12-04 v1.26 LaTeX kernel commands for general use (HO)
)
(/Users/bhavikostwal/Library/Application Support/MiKTeX/texmfs/install/tex/gene
ric/pdftexcmds/pdftexcmds.sty
Package: pdftexcmds 2020-06-27 v0.33 Utility functions of pdfTeX for LuaTeX (HO
)

(/Users/bhavikostwal/Library/Application Support/MiKTeX/texmfs/install/tex/gene
ric/infwarerr/infwarerr.sty
Package: infwarerr 2019/12/03 v1.5 Providing info/warning/error messages (HO)
)
Package pdftexcmds Info: \pdf@primitive is available.
Package pdftexcmds Info: \pdf@ifprimitive is available.
Package pdftexcmds Info: \pdfdraftmode found.
))
(/Users/bhavikostwal/Library/Application Support/MiKTeX/texmfs/install/tex/late
x/hycolor/hycolor.sty
Package: hycolor 2020-01-27 v1.10 Color options for hyperref/bookmark (HO)
)
(/Users/bhavikostwal/Library/Application Support/MiKTeX/texmfs/install/tex/late
x/auxhook/auxhook.sty
Package: auxhook 2019-12-17 v1.6 Hooks for auxiliary files (HO)
)
(/Users/bhavikostwal/Library/Application Support/MiKTeX/texmfs/install/tex/late
x/hyperref/nameref.sty
Package: nameref 2023-11-26 v2.56 Cross-referencing by name of section

(/Users/bhavikostwal/Library/Application Support/MiKTeX/texmfs/install/tex/late
x/refcount/refcount.sty
Package: refcount 2019/12/15 v3.6 Data extraction from label references (HO)
)
(/Users/bhavikostwal/Library/Application Support/MiKTeX/texmfs/install/tex/gene
ric/gettitlestring/gettitlestring.sty
Package: gettitlestring 2019/12/15 v1.6 Cleanup title references (HO)

(/Users/bhavikostwal/Library/Application Support/MiKTeX/texmfs/install/tex/late
x/kvoptions/kvoptions.sty
Package: kvoptions 2022-06-15 v3.15 Key value format for package options (HO)
))
\c@section@level=\count292
)
(/Users/bhavikostwal/Library/Application Support/MiKTeX/texmfs/install/tex/late
x/etoolbox/etoolbox.sty
Package: etoolbox 2020/10/05 v2.5k e-TeX tools for LaTeX (JAW)
\etb@tempcnta=\count293
)
\@linkdim=\dimen168
\Hy@linkcounter=\count294
\Hy@pagecounter=\count295

(/Users/bhavikostwal/Library/Application Support/MiKTeX/texmfs/install/tex/late
x/hyperref/pd1enc.def
File: pd1enc.def 2024-01-20 v7.01h Hyperref: PDFDocEncoding definition (HO)
Now handling font encoding PD1 ...
... no UTF-8 mapping file for font encoding PD1
)
(/Users/bhavikostwal/Library/Application Support/MiKTeX/texmfs/install/tex/gene
ric/intcalc/intcalc.sty
Package: intcalc 2019/12/15 v1.3 Expandable calculations with integers (HO)
)
\Hy@SavedSpaceFactor=\count296

(/Users/bhavikostwal/Library/Application Support/MiKTeX/texmfs/install/tex/late
x/hyperref/puenc.def
File: puenc.def 2024-01-20 v7.01h Hyperref: PDF Unicode definition (HO)
Now handling font encoding PU ...
... no UTF-8 mapping file for font encoding PU
)
Package hyperref Info: Hyper figures OFF on input line 4179.
Package hyperref Info: Link nesting OFF on input line 4184.
Package hyperref Info: Hyper index ON on input line 4187.
Package hyperref Info: Plain pages OFF on input line 4194.
Package hyperref Info: Backreferencing OFF on input line 4199.
Package hyperref Info: Implicit mode ON; LaTeX internals redefined.
Package hyperref Info: Bookmarks ON on input line 4446.
\c@Hy@tempcnt=\count297

(/Users/bhavikostwal/Library/Application Support/MiKTeX/texmfs/install/tex/late
x/url/url.sty
\Urlmuskip=\muskip17
Package: url 2013/09/16  ver 3.4  Verb mode for urls, etc.
)
LaTeX Info: Redefining \url on input line 4784.
\XeTeXLinkMargin=\dimen169

(/Users/bhavikostwal/Library/Application Support/MiKTeX/texmfs/install/tex/gene
ric/bitset/bitset.sty
Package: bitset 2019/12/09 v1.3 Handle bit-vector datatype (HO)

(/Users/bhavikostwal/Library/Application Support/MiKTeX/texmfs/install/tex/gene
ric/bigintcalc/bigintcalc.sty
Package: bigintcalc 2019/12/15 v1.5 Expandable calculations on big integers (HO
)
))
\Fld@menulength=\count298
\Field@Width=\dimen170
\Fld@charsize=\dimen171
Package hyperref Info: Hyper figures OFF on input line 6063.
Package hyperref Info: Link nesting OFF on input line 6068.
Package hyperref Info: Hyper index ON on input line 6071.
Package hyperref Info: backreferencing OFF on input line 6078.
Package hyperref Info: Link coloring OFF on input line 6083.
Package hyperref Info: Link coloring with OCG OFF on input line 6088.
Package hyperref Info: PDF/A mode OFF on input line 6093.

(/Users/bhavikostwal/Library/Application Support/MiKTeX/texmfs/install/tex/late
x/base/atbegshi-ltx.sty
Package: atbegshi-ltx 2021/01/10 v1.0c Emulation of the original atbegshi
package with kernel methods
)
\Hy@abspage=\count299
\c@Item=\count300
\c@Hfootnote=\count301
)
Package hyperref Info: Driver (autodetected): hpdftex.

(/Users/bhavikostwal/Library/Application Support/MiKTeX/texmfs/install/tex/late
x/hyperref/hpdftex.def
File: hpdftex.def 2024-01-20 v7.01h Hyperref driver for pdfTeX

(/Users/bhavikostwal/Library/Application Support/MiKTeX/texmfs/install/tex/late
x/base/atveryend-ltx.sty
Package: atveryend-ltx 2020/08/19 v1.0a Emulation of the original atveryend pac
kage
with kernel methods
)
\Fld@listcount=\count302
\c@bookmark@seq@number=\count303

(/Users/bhavikostwal/Library/Application Support/MiKTeX/texmfs/install/tex/late
x/rerunfilecheck/rerunfilecheck.sty
Package: rerunfilecheck 2022-07-10 v1.10 Rerun checks for auxiliary files (HO)

(/Users/bhavikostwal/Library/Application Support/MiKTeX/texmfs/install/tex/gene
ric/uniquecounter/uniquecounter.sty
Package: uniquecounter 2019/12/15 v1.4 Provide unlimited unique counter (HO)
)
Package uniquecounter Info: New unique counter `rerunfilecheck' on input line 2
85.
)
\Hy@SectionHShift=\skip61
)
(/Users/bhavikostwal/Library/Application Support/MiKTeX/texmfs/install/tex/late
x/enumitem/enumitem.sty
Package: enumitem 2019/06/20 v3.9 Customized lists
\labelindent=\skip62
\enit@outerparindent=\dimen172
\enit@toks=\toks29
\enit@inbox=\box56
\enit@count@id=\count304
\enitdp@description=\count305
)
(/Users/bhavikostwal/Library/Application Support/MiKTeX/texmfs/install/tex/late
x/graphics/graphicx.sty
Package: graphicx 2021/09/16 v1.2d Enhanced LaTeX Graphics (DPC,SPQR)

(/Users/bhavikostwal/Library/Application Support/MiKTeX/texmfs/install/tex/late
x/graphics/graphics.sty
Package: graphics 2022/03/10 v1.4e Standard LaTeX Graphics (DPC,SPQR)

(/Users/bhavikostwal/Library/Application Support/MiKTeX/texmfs/install/tex/late
x/graphics/trig.sty
Package: trig 2021/08/11 v1.11 sin cos tan (DPC)
)
(/Users/bhavikostwal/Library/Application Support/MiKTeX/texmfs/install/tex/late
x/graphics-cfg/graphics.cfg
File: graphics.cfg 2016/06/04 v1.11 sample graphics configuration
)
Package graphics Info: Driver file: pdftex.def on input line 107.
)
\Gin@req@height=\dimen173
\Gin@req@width=\dimen174
)
(/Users/bhavikostwal/Library/Application Support/MiKTeX/texmfs/install/tex/late
x/fancyhdr/fancyhdr.sty
Package: fancyhdr 2022/11/09 v4.1 Extensive control of page headers and footers

\f@nch@headwidth=\skip63
\f@nch@O@elh=\skip64
\f@nch@O@erh=\skip65
\f@nch@O@olh=\skip66
\f@nch@O@orh=\skip67
\f@nch@O@elf=\skip68
\f@nch@O@erf=\skip69
\f@nch@O@olf=\skip70
\f@nch@O@orf=\skip71
)
(/Users/bhavikostwal/Library/Application Support/MiKTeX/texmfs/install/tex/late
x/lastpage/lastpage.sty
Package: lastpage 2023/10/14 v2.0e lastpage: 2.09 or 2e? (HMM)

(/Users/bhavikostwal/Library/Application Support/MiKTeX/texmfs/install/tex/late
x/lastpage/lastpage2e.sty
Package: lastpage2e 2023/10/14 v2.0e Decide which 2e lastpage version to use (H
MM)

(/Users/bhavikostwal/Library/Application Support/MiKTeX/texmfs/install/tex/late
x/lastpage/lastpagemodern.sty
Package: lastpagemodern 2023-10-14 v2.0e Refers to last page's name (HMM; JPG)
\c@lastpagecount=\count306
) 
))
(/Users/bhavikostwal/Library/Application Support/MiKTeX/texmfs/install/tex/late
x/caption/caption.sty
Package: caption 2023/08/05 v3.6o Customizing captions (AR)

(/Users/bhavikostwal/Library/Application Support/MiKTeX/texmfs/install/tex/late
x/caption/caption3.sty
Package: caption3 2023/07/31 v2.4d caption3 kernel (AR)
\caption@tempdima=\dimen175
\captionmargin=\dimen176
\caption@leftmargin=\dimen177
\caption@rightmargin=\dimen178
\caption@width=\dimen179
\caption@indent=\dimen180
\caption@parindent=\dimen181
\caption@hangindent=\dimen182
Package caption Info: Standard document class detected.
)
\c@caption@flags=\count307
\c@continuedfloat=\count308
Package caption Info: changepage package is loaded.
\caption@adjustwidth@hsize=\dimen183
\caption@adjustwidth@linewidth=\dimen184
Package caption Info: hyperref package is loaded.
Package caption Info: listings package is loaded.
)
(/Users/bhavikostwal/Library/Application Support/MiKTeX/texmfs/install/tex/late
x/tocloft/tocloft.sty
Package: tocloft 2017/08/31 v2.3i parameterised ToC, etc., typesetting
Package tocloft Info: The document has section divisions on input line 51.
\cftparskip=\skip72
\cftbeforetoctitleskip=\skip73
\cftaftertoctitleskip=\skip74
\cftbeforepartskip=\skip75
\cftpartnumwidth=\skip76
\cftpartindent=\skip77
\cftbeforesecskip=\skip78
\cftsecindent=\skip79
\cftsecnumwidth=\skip80
\cftbeforesubsecskip=\skip81
\cftsubsecindent=\skip82
\cftsubsecnumwidth=\skip83
\cftbeforesubsubsecskip=\skip84
\cftsubsubsecindent=\skip85
\cftsubsubsecnumwidth=\skip86
\cftbeforeparaskip=\skip87
\cftparaindent=\skip88
\cftparanumwidth=\skip89
\cftbeforesubparaskip=\skip90
\cftsubparaindent=\skip91
\cftsubparanumwidth=\skip92
\cftbeforeloftitleskip=\skip93
\cftafterloftitleskip=\skip94
\cftbeforefigskip=\skip95
\cftfigindent=\skip96
\cftfignumwidth=\skip97
\c@lofdepth=\count309
\c@lotdepth=\count310
\cftbeforelottitleskip=\skip98
\cftafterlottitleskip=\skip99
\cftbeforetabskip=\skip100
\cfttabindent=\skip101
\cfttabnumwidth=\skip102
)
(/Users/bhavikostwal/Library/Application Support/MiKTeX/texmfs/install/tex/late
x/setspace/setspace.sty
Package: setspace 2022/12/04 v6.7b set line spacing
)
(/Users/bhavikostwal/Library/Application Support/MiKTeX/texmfs/install/tex/late
x/multirow/multirow.sty
Package: multirow 2021/03/15 v2.8 Span multiple rows of a table
\multirow@colwidth=\skip103
\multirow@cntb=\count311
\multirow@dima=\skip104
\bigstrutjot=\dimen185
)
(/Users/bhavikostwal/Library/Application Support/MiKTeX/texmfs/install/tex/late
x/float/float.sty
Package: float 2001/11/08 v1.3d Float enhancements (AL)
\c@float@type=\count312
\float@exts=\toks30
\float@box=\box57
\@float@everytoks=\toks31
\@floatcapt=\box58
)
(/Users/bhavikostwal/Library/Application Support/MiKTeX/texmfs/install/tex/late
x/comment/comment.sty
\CommentStream=\write3
 Excluding comment 'comment')
(/Users/bhavikostwal/Library/Application Support/MiKTeX/texmfs/install/tex/late
x/booktabs/booktabs.sty
Package: booktabs 2020/01/12 v1.61803398 Publication quality tables
\heavyrulewidth=\dimen186
\lightrulewidth=\dimen187
\cmidrulewidth=\dimen188
\belowrulesep=\dimen189
\belowbottomsep=\dimen190
\aboverulesep=\dimen191
\abovetopsep=\dimen192
\cmidrulesep=\dimen193
\cmidrulekern=\dimen194
\defaultaddspace=\dimen195
\@cmidla=\count313
\@cmidlb=\count314
\@aboverulesep=\dimen196
\@belowrulesep=\dimen197
\@thisruleclass=\count315
\@lastruleclass=\count316
\@thisrulewidth=\dimen198
)
(/Users/bhavikostwal/Library/Application Support/MiKTeX/texmfs/install/tex/late
x/tools/indentfirst.sty
Package: indentfirst 2023/07/02 v1.03 Indent first paragraph (DPC)
)
(/Users/bhavikostwal/Library/Application Support/MiKTeX/texmfs/install/tex/late
x/graphics/lscape.sty
Package: lscape 2020/05/28 v3.02 Landscape Pages (DPC)
)
(/Users/bhavikostwal/Library/Application Support/MiKTeX/texmfs/install/tex/late
x/threeparttable/threeparttable.sty
Package: threeparttable 2003/06/13  v 3.0
\@tempboxb=\box59
)
(/Users/bhavikostwal/Library/Application Support/MiKTeX/texmfs/install/tex/late
x/nomencl/nomencl.sty
Package: nomencl 2021/11/10 v5.6 Nomenclature package

(/Users/bhavikostwal/Library/Application Support/MiKTeX/texmfs/install/tex/late
x/xkeyval/xkeyval.sty
Package: xkeyval 2022/06/16 v2.9 package option processing (HA)

(/Users/bhavikostwal/Library/Application Support/MiKTeX/texmfs/install/tex/gene
ric/xkeyval/xkeyval.tex
(/Users/bhavikostwal/Library/Application Support/MiKTeX/texmfs/install/tex/gene
ric/xkeyval/xkvutils.tex
\XKV@toks=\toks32
\XKV@tempa@toks=\toks33
)
\XKV@depth=\count317
File: xkeyval.tex 2014/12/03 v2.7a key=value parser (HA)
))
(/Users/bhavikostwal/Library/Application Support/MiKTeX/texmfs/install/tex/late
x/base/ifthen.sty
Package: ifthen 2022/04/13 v1.1d Standard LaTeX ifthen package (DPC)
)
(/Users/bhavikostwal/Library/Application Support/MiKTeX/texmfs/install/tex/late
x/koma-script/tocbasic.sty
Package: tocbasic 2023/07/07 v3.41 KOMA-Script package (handling toc-files)

(/Users/bhavikostwal/Library/Application Support/MiKTeX/texmfs/install/tex/late
x/koma-script/scrbase.sty
Package: scrbase 2023/07/07 v3.41 KOMA-Script package (KOMA-Script-independent 
basics and keyval usage)

(/Users/bhavikostwal/Library/Application Support/MiKTeX/texmfs/install/tex/late
x/koma-script/scrlfile.sty
Package: scrlfile 2023/07/07 v3.41 KOMA-Script package (file load hooks)

(/Users/bhavikostwal/Library/Application Support/MiKTeX/texmfs/install/tex/late
x/koma-script/scrlfile-hook.sty
Package: scrlfile-hook 2023/07/07 v3.41 KOMA-Script package (using LaTeX hooks)


(/Users/bhavikostwal/Library/Application Support/MiKTeX/texmfs/install/tex/late
x/koma-script/scrlogo.sty
Package: scrlogo 2023/07/07 v3.41 KOMA-Script package (logo)
)))
Applying: [2021/05/01] Usage of raw or classic option list on input line 252.
Already applied: [0000/00/00] Usage of raw or classic option list on input line
 368.
)
\scr@dte@tocline@numberwidth=\skip105
\scr@dte@tocline@numbox=\box60
)
Package tocbasic Info: setting babel extension for `nlo' on input line 187.
Package tocbasic Info: setting babel extension for `nls' on input line 188.
\nomlabelwidth=\dimen199
\nom@tempdim=\dimen256
\nomitemsep=\skip106
)
(/Users/bhavikostwal/Library/Application Support/MiKTeX/texmfs/install/tex/late
x/lipsum/lipsum.sty
(/Users/bhavikostwal/Library/Application Support/MiKTeX/texmfs/install/tex/late
x/l3packages/l3keys2e/l3keys2e.sty
(/Users/bhavikostwal/Library/Application Support/MiKTeX/texmfs/install/tex/late
x/l3kernel/expl3.sty
Package: expl3 2024-03-14 L3 programming layer (loader) 

(/Users/bhavikostwal/Library/Application Support/MiKTeX/texmfs/install/tex/late
x/l3backend/l3backend-pdftex.def
File: l3backend-pdftex.def 2024-03-14 L3 backend support: PDF output (pdfTeX)
\l__color_backend_stack_int=\count318
\l__pdf_internal_box=\box61
))
Package: l3keys2e 2024-03-14 LaTeX2e option processing using LaTeX3 keys
)
Package: lipsum 2021-09-20 v2.7 150 paragraphs of Lorem Ipsum dummy text
\g__lipsum_par_int=\count319
\l__lipsum_a_int=\count320
\l__lipsum_b_int=\count321

(/Users/bhavikostwal/Library/Application Support/MiKTeX/texmfs/install/tex/late
x/lipsum/lipsum.ltd.tex))
(/Users/bhavikostwal/Library/Application Support/MiKTeX/texmfs/install/tex/late
x/natbib/natbib.sty
Package: natbib 2010/09/13 8.31b (PWD, AO)
\bibhang=\skip107
\bibsep=\skip108
LaTeX Info: Redefining \cite on input line 694.
\c@NAT@ctr=\count322
)
(/Users/bhavikostwal/Library/Application Support/MiKTeX/texmfs/install/tex/late
x/caption/subcaption.sty
Package: subcaption 2023/07/28 v1.6b Sub-captions (AR)
Package caption Info: New subtype `subfigure' on input line 238.
\c@subfigure=\count323
Package caption Info: New subtype `subtable' on input line 238.
\c@subtable=\count324
)
(/Users/bhavikostwal/Library/Application Support/MiKTeX/texmfs/install/tex/late
x/listings/lstlang1.sty
File: lstlang1.sty 2024/03/11 1.10a listings language file
)
\c@stepsi=\count325
\enitdp@steps=\count326
LaTeX Font Info:    Trying to load font information for T1+ptm on input line 81
.

(/Users/bhavikostwal/Library/Application Support/MiKTeX/texmfs/install/tex/late
x/psnfss/t1ptm.fd
File: t1ptm.fd 2001/06/04 font definitions for T1/ptm.
)
No file main.aux.
\openout1 = `main.aux'.

LaTeX Font Info:    Checking defaults for OML/cmm/m/it on input line 81.
LaTeX Font Info:    ... okay on input line 81.
LaTeX Font Info:    Checking defaults for OMS/cmsy/m/n on input line 81.
LaTeX Font Info:    ... okay on input line 81.
LaTeX Font Info:    Checking defaults for OT1/cmr/m/n on input line 81.
LaTeX Font Info:    ... okay on input line 81.
LaTeX Font Info:    Checking defaults for T1/cmr/m/n on input line 81.
LaTeX Font Info:    ... okay on input line 81.
LaTeX Font Info:    Checking defaults for TS1/cmr/m/n on input line 81.
LaTeX Font Info:    ... okay on input line 81.
LaTeX Font Info:    Checking defaults for OMX/cmex/m/n on input line 81.
LaTeX Font Info:    ... okay on input line 81.
LaTeX Font Info:    Checking defaults for U/cmr/m/n on input line 81.
LaTeX Font Info:    ... okay on input line 81.
LaTeX Font Info:    Checking defaults for PD1/pdf/m/n on input line 81.
LaTeX Font Info:    ... okay on input line 81.
LaTeX Font Info:    Checking defaults for PU/pdf/m/n on input line 81.
LaTeX Font Info:    ... okay on input line 81.
*geometry* driver: auto-detecting
*geometry* detected driver: pdftex
*geometry* verbose mode - [ preamble ] result:
* driver: pdftex
* paper: letterpaper
* layout: <same size as paper>
* layoutoffset:(h,v)=(0.0pt,0.0pt)
* modes: includehead includefoot 
* h-part:(L,W,R)=(64.01869pt, 486.25761pt, 64.01869pt)
* v-part:(T,H,B)=(64.01869pt, 666.9326pt, 64.01869pt)
* \paperwidth=614.295pt
* \paperheight=794.96999pt
* \textwidth=486.25761pt
* \textheight=585.9326pt
* \oddsidemargin=-8.2513pt
* \evensidemargin=-8.2513pt
* \topmargin=-8.2513pt
* \headheight=16.0pt
* \headsep=25.0pt
* \topskip=12.0pt
* \footskip=50.0pt
* \marginparwidth=44.0pt
* \marginparsep=10.0pt
* \columnsep=10.0pt
* \skip\footins=10.8pt plus 4.0pt minus 2.0pt
* \hoffset=0.0pt
* \voffset=0.0pt
* \mag=1000
* \@twocolumnfalse
* \@twosidefalse
* \@mparswitchfalse
* \@reversemarginfalse
* (1in=72.27pt=25.4mm, 1cm=28.453pt)

\c@lstlisting=\count327
Package tocbasic Info: setting babel extension for `lol' on input line 81.

(/Users/bhavikostwal/Library/Application Support/MiKTeX/texmfs/install/tex/cont
ext/base/mkii/supp-pdf.mkii
[Loading MPS to PDF converter (version 2006.09.02).]
\scratchcounter=\count328
\scratchdimen=\dimen257
\scratchbox=\box62
\nofMPsegments=\count329
\nofMParguments=\count330
\everyMPshowfont=\toks34
\MPscratchCnt=\count331
\MPscratchDim=\dimen258
\MPnumerator=\count332
\makeMPintoPDFobject=\count333
\everyMPtoPDFconversion=\toks35
)
(/Users/bhavikostwal/Library/Application Support/MiKTeX/texmfs/install/tex/late
x/epstopdf-pkg/epstopdf-base.sty
Package: epstopdf-base 2020-01-24 v2.11 Base part for package epstopdf
Package epstopdf-base Info: Redefining graphics rule for `.eps' on input line 4
85.

(/Users/bhavikostwal/Library/Application Support/MiKTeX/texmfs/install/tex/late
x/00miktex/epstopdf-sys.cfg
File: epstopdf-sys.cfg 2021/03/18 v2.0 Configuration of epstopdf for MiKTeX
))
Package hyperref Info: Link coloring OFF on input line 81.
\@outlinefile=\write4
\openout4 = `main.out'.

Package caption Info: Begin \AtBeginDocument code.
Package caption Info: float package is loaded.
Package caption Info: threeparttable package is loaded.
Package caption Info: End \AtBeginDocument code.
 (sources/0_frontpage.tex
<root/IITMD.png, id=3, 17.05573pt x 13.68312pt>
File: root/IITMD.png Graphic file (type png)
<use root/IITMD.png>
Package pdftex.def Info: root/IITMD.png  used on input line 6.
(pdftex.def)             Requested size: 194.50008pt x 156.11996pt.
 [1

{/Users/bhavikostwal/Library/Application Support/MiKTeX/texmfs/data/fonts/map/p
dftex/pdftex.map} <./root/IITMD.png>])
No file main.toc.
\tf@toc=\write5
\openout5 = `main.toc'.

File: root/IITMD.png Graphic file (type png)
<use root/IITMD.png>
Package pdftex.def Info: root/IITMD.png  used on input line 96.
(pdftex.def)             Requested size: 53.21176pt x 42.67912pt.

pdfTeX warning (ext4): destination with the same identifier (name{page.1}) has 
been already used, duplicate ignored
<to be read again> 
                   \relax 
l.96 \newpage
              [1] (sources/1_introduction.tex
Overfull \hbox (8.19658pt too wide) in paragraph at lines 4--5
[]\T1/ptm/m/n/12 In the wake of the COVID-19 pandemic, Indonesia is witnessing 
a compelling economic resurgence
 []


Overfull \hbox (2.54553pt too wide) in paragraph at lines 8--9
\T1/ptm/m/n/12 for its inherent dynamism and resilience. By juxtaposing pre-pan
demic performance with the pandemic
 []

)

LaTeX Warning: Reference `endOfDoc' on page 1 undefined on input line 106.

File: root/IITMD.png Graphic file (type png)
<use root/IITMD.png>
Package pdftex.def Info: root/IITMD.png  used on input line 106.
(pdftex.def)             Requested size: 53.21176pt x 42.67912pt.

pdfTeX warning (ext4): destination with the same identifier (name{page.1}) has 
been already used, duplicate ignored
<to be read again> 
                   \relax 
l.106 \newpage
               [1] (sources/2_mechanics.tex
Overfull \hbox (16.896pt too wide) in paragraph at lines 5--6
[]\T1/ptm/m/n/12 In the dynamic landscape of stock markets, fundamental analysi
s plays a pivotal role in understanding
 []


Overfull \hbox (14.76118pt too wide) in paragraph at lines 5--6
\T1/ptm/m/n/12 companies, focusing on the categorization of these entities into
 state-owned and private-owned enterprises
 []

<figures/table_1.png, id=26, 541.02126pt x 249.93375pt>
File: figures/table_1.png Graphic file (type png)
<use figures/table_1.png>
Package pdftex.def Info: figures/table_1.png  used on input line 13.
(pdftex.def)             Requested size: 389.00757pt x 179.7119pt.

Overfull \hbox (17.17319pt too wide) in paragraph at lines 18--19
[] []\T1/ptm/b/n/12 Conclusion:[] \T1/ptm/m/n/12 The qualitative analysis of th
e LQ45 index companies underscores the enduring dominance
 []


Overfull \hbox (11.30405pt too wide) in paragraph at lines 22--23
[]\T1/ptm/m/n/12 This section delves into the quantitative data derived from mo
nthly closing stock prices of prominent
 []

<figures/BBCA.png, id=27, 578.16pt x 505.89pt>
File: figures/BBCA.png Graphic file (type png)
<use figures/BBCA.png>
Package pdftex.def Info: figures/BBCA.png  used on input line 31.
(pdftex.def)             Requested size: 267.44316pt x 234.00905pt.
<figures/BBNI.png, id=28, 578.16pt x 505.89pt>
File: figures/BBNI.png Graphic file (type png)
<use figures/BBNI.png>
Package pdftex.def Info: figures/BBNI.png  used on input line 32.
(pdftex.def)             Requested size: 267.44316pt x 234.00905pt.

Overfull \hbox (50.90874pt too wide) in paragraph at lines 31--33
[][] [] 
 []


LaTeX Warning: Reference `endOfDoc' on page 2 undefined on input line 34.

File: root/IITMD.png Graphic file (type png)
<use root/IITMD.png>
Package pdftex.def Info: root/IITMD.png  used on input line 34.
(pdftex.def)             Requested size: 53.21176pt x 42.67912pt.
[2 <./figures/table_1.png>]
<figures/BBRI.png, id=44, 578.16pt x 505.89pt>
File: figures/BBRI.png Graphic file (type png)
<use figures/BBRI.png>
Package pdftex.def Info: figures/BBRI.png  used on input line 36.
(pdftex.def)             Requested size: 267.44316pt x 234.00905pt.
<figures/BBTN.png, id=45, 578.16pt x 505.89pt>
File: figures/BBTN.png Graphic file (type png)
<use figures/BBTN.png>
Package pdftex.def Info: figures/BBTN.png  used on input line 37.
(pdftex.def)             Requested size: 267.44316pt x 234.00905pt.

Overfull \hbox (50.90874pt too wide) in paragraph at lines 36--38
[][] [] 
 []

<figures/BMRI.png, id=46, 578.16pt x 505.89pt>
File: figures/BMRI.png Graphic file (type png)
<use figures/BMRI.png>
Package pdftex.def Info: figures/BMRI.png  used on input line 42.
(pdftex.def)             Requested size: 267.44316pt x 234.00905pt.

LaTeX Warning: Reference `endOfDoc' on page 3 undefined on input line 44.

File: root/IITMD.png Graphic file (type png)
<use root/IITMD.png>
Package pdftex.def Info: root/IITMD.png  used on input line 44.
(pdftex.def)             Requested size: 53.21176pt x 42.67912pt.
[3 <./figures/BBCA.png> <./figures/BBNI.png> <./figures/BBRI.png> <./figures/BB
TN.png>])

LaTeX Warning: Reference `endOfDoc' on page 4 undefined on input line 114.

File: root/IITMD.png Graphic file (type png)
<use root/IITMD.png>
Package pdftex.def Info: root/IITMD.png  used on input line 114.
(pdftex.def)             Requested size: 53.21176pt x 42.67912pt.
[4 <./figures/BMRI.png>] (sources/3_StockReturns.tex
LaTeX Font Info:    Trying to load font information for TS1+ptm on input line 1
1.

(/Users/bhavikostwal/Library/Application Support/MiKTeX/texmfs/install/tex/late
x/psnfss/ts1ptm.fd
File: ts1ptm.fd 2001/06/04 font definitions for TS1/ptm.
)

LaTeX Warning: Reference `endOfDoc' on page 5 undefined on input line 30.

File: root/IITMD.png Graphic file (type png)
<use root/IITMD.png>
Package pdftex.def Info: root/IITMD.png  used on input line 30.
(pdftex.def)             Requested size: 53.21176pt x 42.67912pt.
[5]

LaTeX Warning: Reference `endOfDoc' on page 6 undefined on input line 132.

File: root/IITMD.png Graphic file (type png)
<use root/IITMD.png>
Package pdftex.def Info: root/IITMD.png  used on input line 132.
(pdftex.def)             Requested size: 53.21176pt x 42.67912pt.
[6])

LaTeX Warning: Reference `endOfDoc' on page 7 undefined on input line 122.

File: root/IITMD.png Graphic file (type png)
<use root/IITMD.png>
Package pdftex.def Info: root/IITMD.png  used on input line 122.
(pdftex.def)             Requested size: 53.21176pt x 42.67912pt.
[7] (sources/4_StockRisks.tex
Overfull \hbox (5.58156pt too wide) in paragraph at lines 18--19
\T1/ptm/m/n/12 orders to limit losses, and employing risk management techniques
 like dollar-cost averaging or investing
 []

)

LaTeX Warning: Reference `endOfDoc' on page 8 undefined on input line 130.

File: root/IITMD.png Graphic file (type png)
<use root/IITMD.png>
Package pdftex.def Info: root/IITMD.png  used on input line 130.
(pdftex.def)             Requested size: 53.21176pt x 42.67912pt.
[8]
No file main.lot.
\tf@lot=\write6
\openout6 = `main.lot'.


LaTeX Warning: Reference `endOfDoc' on page 9 undefined on input line 138.

File: root/IITMD.png Graphic file (type png)
<use root/IITMD.png>
Package pdftex.def Info: root/IITMD.png  used on input line 138.
(pdftex.def)             Requested size: 53.21176pt x 42.67912pt.
[9]
No file main.bbl.

enddocument/afterlastpage: lastpage setting LastPage.
(main.aux)
 ***********
LaTeX2e <2023-11-01> patch level 1
L3 programming layer <2024-03-14>
 ***********


LaTeX Warning: There were undefined references.


LaTeX Warning: Label(s) may have changed. Rerun to get cross-references right.


Package rerunfilecheck Warning: File `main.out' has changed.
(rerunfilecheck)                Rerun to get outlines right
(rerunfilecheck)                or use package `bookmark'.

Package rerunfilecheck Info: Checksums for `main.out':
(rerunfilecheck)             Before: <no file>
(rerunfilecheck)             After:  74325C99AC092C6A09FB816C76E4C74C;3714.

Package lastpage Warning: Rerun to get the references right on input line 146.

 ) 
Here is how much of TeX's memory you used:
 18102 strings out of 476358
 307249 string characters out of 5790831
 1965493 words of memory out of 5000000
 39852 multiletter control sequences out of 15000+600000
 594137 words of font info for 68 fonts, out of 8000000 for 9000
 0 hyphenation exceptions out of 8191
 110i,14n,118p,458b,476s stack positions out of 10000i,1000n,20000p,200000b,200000s
{/Users/bhavikostwal/Library/Application Support/MiKTeX/texmfs/install/fonts/
enc/dvips/base/8r.enc}</Users/bhavikostwal/Library/Application Support/MiKTeX/t
exmfs/install/fonts/type1/public/amsfonts/cm/cmex10.pfb></Users/bhavikostwal/Li
brary/Application Support/MiKTeX/texmfs/install/fonts/type1/public/amsfonts/cm/
cmmi8.pfb></Users/bhavikostwal/Library/Application Support/MiKTeX/texmfs/instal
l/fonts/type1/public/amsfonts/cm/cmr12.pfb></Users/bhavikostwal/Library/Applica
tion Support/MiKTeX/texmfs/install/fonts/type1/public/amsfonts/cm/cmr8.pfb></Us
ers/bhavikostwal/Library/Application Support/MiKTeX/texmfs/install/fonts/type1/
public/amsfonts/cm/cmsy10.pfb></Users/bhavikostwal/Library/Application Support/
MiKTeX/texmfs/install/fonts/type1/public/amsfonts/cm/cmsy8.pfb></Users/bhavikos
twal/Library/Application Support/MiKTeX/texmfs/install/fonts/type1/urw/times/ut
mb8a.pfb></Users/bhavikostwal/Library/Application Support/MiKTeX/texmfs/install
/fonts/type1/urw/times/utmr8a.pfb>
Output written on main.pdf (11 pages, 362880 bytes).
PDF statistics:
 148 PDF objects out of 1000 (max. 8388607)
 42 named destinations out of 1000 (max. 500000)
 36 words of extra memory for PDF output out of 10000 (max. 10000000)

